17:04:21.557 [main] DEBUG io.netty.util.internal.PlatformDependent - -Dio.netty.tmpdir: C:\Users\Hp\AppData\Local\Temp (java.io.tmpdir)
17:04:21.562 [main] DEBUG io.netty.util.internal.PlatformDependent - -Dio.netty.bitMode: 64 (sun.arch.data.model)
17:04:21.562 [main] DEBUG io.netty.util.internal.PlatformDependent - Platform: Windows
17:04:21.563 [main] DEBUG io.netty.util.internal.PlatformDependent - -Dio.netty.maxDirectMemory: -1 bytes
17:04:21.563 [main] DEBUG io.netty.util.internal.PlatformDependent - -Dio.netty.uninitializedArrayAllocationThreshold: -1
17:04:21.564 [main] DEBUG io.netty.util.internal.CleanerJava9 - java.nio.ByteBuffer.cleaner(): available
17:04:21.566 [main] DEBUG io.netty.util.internal.PlatformDependent - -Dio.netty.noPreferDirect: false
17:04:21.571 [main] DEBUG io.netty.util.internal.PlatformDependent - org.jctools-core.MpscChunkedArrayQueue: available
17:04:21.592 [main] DEBUG io.netty.util.internal.InternalThreadLocalMap - -Dio.netty.threadLocalMap.stringBuilder.initialSize: 1024
17:04:21.592 [main] DEBUG io.netty.util.internal.InternalThreadLocalMap - -Dio.netty.threadLocalMap.stringBuilder.maxSize: 4096
17:04:21.628 [main] DEBUG io.netty.handler.ssl.JdkSslContext - Default protocols (JDK): [TLSv1.3, TLSv1.2] 
17:04:21.628 [main] DEBUG io.netty.handler.ssl.JdkSslContext - Default cipher suites (JDK): [TLS_ECDHE_ECDSA_WITH_AES_256_GCM_SHA384, TLS_ECDHE_ECDSA_WITH_AES_128_GCM_SHA256, TLS_ECDHE_RSA_WITH_AES_128_GCM_SHA256, TLS_ECDHE_RSA_WITH_AES_256_GCM_SHA384, TLS_ECDHE_RSA_WITH_AES_128_CBC_SHA, TLS_ECDHE_RSA_WITH_AES_256_CBC_SHA, TLS_RSA_WITH_AES_128_GCM_SHA256, TLS_RSA_WITH_AES_128_CBC_SHA, TLS_RSA_WITH_AES_256_CBC_SHA, TLS_AES_128_GCM_SHA256, TLS_AES_256_GCM_SHA384]
17:04:21.647 [main] DEBUG io.netty.channel.MultithreadEventLoopGroup - -Dio.netty.eventLoopThreads: 16
17:04:21.655 [main] DEBUG io.netty.channel.nio.NioEventLoop - -Dio.netty.noKeySetOptimization: false
17:04:21.656 [main] DEBUG io.netty.channel.nio.NioEventLoop - -Dio.netty.selectorAutoRebuildThreshold: 512
17:04:21.665 [main] TRACE io.netty.channel.nio.NioEventLoop - instrumented a special java.util.Set into: sun.nio.ch.WindowsSelectorImpl@55e3d6c3
17:04:21.667 [main] TRACE io.netty.channel.nio.NioEventLoop - instrumented a special java.util.Set into: sun.nio.ch.WindowsSelectorImpl@3d6a6bee
17:04:21.668 [main] TRACE io.netty.channel.nio.NioEventLoop - instrumented a special java.util.Set into: sun.nio.ch.WindowsSelectorImpl@36ddaebf
17:04:21.669 [main] TRACE io.netty.channel.nio.NioEventLoop - instrumented a special java.util.Set into: sun.nio.ch.WindowsSelectorImpl@213c3543
17:04:21.670 [main] TRACE io.netty.channel.nio.NioEventLoop - instrumented a special java.util.Set into: sun.nio.ch.WindowsSelectorImpl@9d7ccfe
17:04:21.671 [main] TRACE io.netty.channel.nio.NioEventLoop - instrumented a special java.util.Set into: sun.nio.ch.WindowsSelectorImpl@670ce331
17:04:21.672 [main] TRACE io.netty.channel.nio.NioEventLoop - instrumented a special java.util.Set into: sun.nio.ch.WindowsSelectorImpl@3cff0139
17:04:21.673 [main] TRACE io.netty.channel.nio.NioEventLoop - instrumented a special java.util.Set into: sun.nio.ch.WindowsSelectorImpl@7c29adc8
17:04:21.674 [main] TRACE io.netty.channel.nio.NioEventLoop - instrumented a special java.util.Set into: sun.nio.ch.WindowsSelectorImpl@4b2e3e8f
17:04:21.675 [main] TRACE io.netty.channel.nio.NioEventLoop - instrumented a special java.util.Set into: sun.nio.ch.WindowsSelectorImpl@4bbb49b0
17:04:21.677 [main] TRACE io.netty.channel.nio.NioEventLoop - instrumented a special java.util.Set into: sun.nio.ch.WindowsSelectorImpl@f096f37
17:04:21.679 [main] TRACE io.netty.channel.nio.NioEventLoop - instrumented a special java.util.Set into: sun.nio.ch.WindowsSelectorImpl@3effd4f3
17:04:21.680 [main] TRACE io.netty.channel.nio.NioEventLoop - instrumented a special java.util.Set into: sun.nio.ch.WindowsSelectorImpl@41f4fe5
17:04:21.681 [main] TRACE io.netty.channel.nio.NioEventLoop - instrumented a special java.util.Set into: sun.nio.ch.WindowsSelectorImpl@15f8701f
17:04:21.683 [main] TRACE io.netty.channel.nio.NioEventLoop - instrumented a special java.util.Set into: sun.nio.ch.WindowsSelectorImpl@514cd540
17:04:21.685 [main] TRACE io.netty.channel.nio.NioEventLoop - instrumented a special java.util.Set into: sun.nio.ch.WindowsSelectorImpl@11d4dbd6
17:04:21.706 [main] DEBUG io.netty.buffer.PooledByteBufAllocator - -Dio.netty.allocator.numHeapArenas: 16
17:04:21.706 [main] DEBUG io.netty.buffer.PooledByteBufAllocator - -Dio.netty.allocator.numDirectArenas: 16
17:04:21.706 [main] DEBUG io.netty.buffer.PooledByteBufAllocator - -Dio.netty.allocator.pageSize: 8192
17:04:21.706 [main] DEBUG io.netty.buffer.PooledByteBufAllocator - -Dio.netty.allocator.maxOrder: 11
17:04:21.706 [main] DEBUG io.netty.buffer.PooledByteBufAllocator - -Dio.netty.allocator.chunkSize: 16777216
17:04:21.706 [main] DEBUG io.netty.buffer.PooledByteBufAllocator - -Dio.netty.allocator.smallCacheSize: 256
17:04:21.707 [main] DEBUG io.netty.buffer.PooledByteBufAllocator - -Dio.netty.allocator.normalCacheSize: 64
17:04:21.707 [main] DEBUG io.netty.buffer.PooledByteBufAllocator - -Dio.netty.allocator.maxCachedBufferCapacity: 32768
17:04:21.707 [main] DEBUG io.netty.buffer.PooledByteBufAllocator - -Dio.netty.allocator.cacheTrimInterval: 8192
17:04:21.707 [main] DEBUG io.netty.buffer.PooledByteBufAllocator - -Dio.netty.allocator.cacheTrimIntervalMillis: 0
17:04:21.707 [main] DEBUG io.netty.buffer.PooledByteBufAllocator - -Dio.netty.allocator.useCacheForAllThreads: true
17:04:21.707 [main] DEBUG io.netty.buffer.PooledByteBufAllocator - -Dio.netty.allocator.maxCachedByteBuffersPerChunk: 1023
17:04:21.718 [main] DEBUG io.netty.buffer.ByteBufUtil - -Dio.netty.allocator.type: pooled
17:04:21.718 [main] DEBUG io.netty.buffer.ByteBufUtil - -Dio.netty.threadLocalDirectBufferSize: 0
17:04:21.718 [main] DEBUG io.netty.buffer.ByteBufUtil - -Dio.netty.maxThreadLocalCharBufferSize: 16384
17:04:22.006 [Forwarding newSession on session null to remote] DEBUG io.netty.channel.DefaultChannelId - -Dio.netty.processId: 12812 (auto-detected)
17:04:22.010 [Forwarding newSession on session null to remote] DEBUG io.netty.util.NetUtil - -Djava.net.preferIPv4Stack: false
17:04:22.010 [Forwarding newSession on session null to remote] DEBUG io.netty.util.NetUtil - -Djava.net.preferIPv6Addresses: false
17:04:22.018 [Forwarding newSession on session null to remote] DEBUG io.netty.util.NetUtilInitializations - Loopback interface: lo (Software Loopback Interface 1, 127.0.0.1)
17:04:22.019 [Forwarding newSession on session null to remote] DEBUG io.netty.util.NetUtil - Failed to get SOMAXCONN from sysctl and file \proc\sys\net\core\somaxconn. Default: 200
17:04:22.039 [Forwarding newSession on session null to remote] DEBUG io.netty.channel.DefaultChannelId - -Dio.netty.machineId: cc:6b:1e:ff:fe:46:6c:cb (auto-detected)
17:04:22.093 [AsyncHttpClient-1-2] DEBUG io.netty.buffer.AbstractByteBuf - -Dio.netty.buffer.checkAccessible: true
17:04:22.094 [AsyncHttpClient-1-2] DEBUG io.netty.buffer.AbstractByteBuf - -Dio.netty.buffer.checkBounds: true
17:04:22.094 [AsyncHttpClient-1-2] DEBUG io.netty.util.ResourceLeakDetectorFactory - Loaded default ResourceLeakDetector: io.netty.util.ResourceLeakDetector@3a3abfe3
17:04:22.117 [AsyncHttpClient-1-2] DEBUG io.netty.util.Recycler - -Dio.netty.recycler.maxCapacityPerThread: 4096
17:04:22.117 [AsyncHttpClient-1-2] DEBUG io.netty.util.Recycler - -Dio.netty.recycler.maxSharedCapacityFactor: 2
17:04:22.117 [AsyncHttpClient-1-2] DEBUG io.netty.util.Recycler - -Dio.netty.recycler.linkCapacity: 16
17:04:22.117 [AsyncHttpClient-1-2] DEBUG io.netty.util.Recycler - -Dio.netty.recycler.ratio: 8
17:04:22.117 [AsyncHttpClient-1-2] DEBUG io.netty.util.Recycler - -Dio.netty.recycler.delayedQueue.ratio: 8
17:04:22.847 [AsyncHttpClient-1-2] DEBUG io.netty.handler.codec.compression.Brotli - brotli4j not in the classpath; Brotli support will be unavailable.
17:04:23.031 [main] DEBUG io.netty.util.internal.ThreadLocalRandom - -Dio.netty.initialSeedUniquifier: 0x716d92795eef8b44
17:04:23.102 [main] INFO  testCases.TC_001_AccountRegistration - Launched Chrome Browser
17:04:30.445 [AsyncHttpClient-1-4] TRACE io.netty.handler.codec.http.websocketx.WebSocket08FrameEncoder - Encoding WebSocket Frame opCode=8 length=26
17:04:31.394 [main] INFO  testCases.TC_001_AccountRegistration - Launched Edge Browser
17:04:38.871 [AsyncHttpClient-1-7] TRACE io.netty.handler.codec.http.websocketx.WebSocket08FrameEncoder - Encoding WebSocket Frame opCode=8 length=26
17:04:42.472 [main] INFO  testCases.TC_001_AccountRegistration - Launched Firefox Browser
17:04:50.739 [AsyncHttpClient-1-7] DEBUG io.netty.buffer.PoolThreadCache - Freed 4 thread-local buffer(s) from thread: AsyncHttpClient-1-7
17:04:50.739 [AsyncHttpClient-1-4] DEBUG io.netty.buffer.PoolThreadCache - Freed 4 thread-local buffer(s) from thread: AsyncHttpClient-1-4
17:04:50.739 [AsyncHttpClient-1-5] DEBUG io.netty.buffer.PoolThreadCache - Freed 27 thread-local buffer(s) from thread: AsyncHttpClient-1-5
17:04:50.739 [AsyncHttpClient-1-3] DEBUG io.netty.buffer.PoolThreadCache - Freed 2 thread-local buffer(s) from thread: AsyncHttpClient-1-3
17:04:50.739 [AsyncHttpClient-1-9] DEBUG io.netty.buffer.PoolThreadCache - Freed 2 thread-local buffer(s) from thread: AsyncHttpClient-1-9
17:04:50.739 [AsyncHttpClient-1-6] DEBUG io.netty.buffer.PoolThreadCache - Freed 2 thread-local buffer(s) from thread: AsyncHttpClient-1-6
17:04:50.740 [AsyncHttpClient-1-2] DEBUG io.netty.buffer.PoolThreadCache - Freed 27 thread-local buffer(s) from thread: AsyncHttpClient-1-2
17:46:43.925 [main] DEBUG io.netty.util.internal.logging.InternalLoggerFactory - Using Log4J2 as the default logging framework
17:46:43.933 [main] DEBUG io.netty.util.ResourceLeakDetector - -Dio.netty.leakDetection.level: simple
17:46:43.933 [main] DEBUG io.netty.util.ResourceLeakDetector - -Dio.netty.leakDetection.targetRecords: 4
17:46:43.937 [main] DEBUG io.netty.util.ResourceLeakDetectorFactory - Loaded default ResourceLeakDetector: io.netty.util.ResourceLeakDetector@4a734c04
17:46:43.952 [main] DEBUG io.netty.util.internal.PlatformDependent0 - -Dio.netty.noUnsafe: false
17:46:43.952 [main] DEBUG io.netty.util.internal.PlatformDependent0 - Java version: 16
17:46:43.953 [main] DEBUG io.netty.util.internal.PlatformDependent0 - sun.misc.Unsafe.theUnsafe: available
17:46:43.954 [main] DEBUG io.netty.util.internal.PlatformDependent0 - sun.misc.Unsafe.copyMemory: available
17:46:43.954 [main] DEBUG io.netty.util.internal.PlatformDependent0 - java.nio.Buffer.address: available
17:46:43.955 [main] DEBUG io.netty.util.internal.PlatformDependent0 - direct buffer constructor: unavailable
java.lang.UnsupportedOperationException: Reflective setAccessible(true) disabled
	at io.netty.util.internal.ReflectionUtil.trySetAccessible(ReflectionUtil.java:31) ~[netty-common-4.1.68.Final.jar:4.1.68.Final]
	at io.netty.util.internal.PlatformDependent0$4.run(PlatformDependent0.java:253) ~[netty-common-4.1.68.Final.jar:4.1.68.Final]
	at java.security.AccessController.doPrivileged(AccessController.java:312) ~[?:?]
	at io.netty.util.internal.PlatformDependent0.<clinit>(PlatformDependent0.java:247) ~[netty-common-4.1.68.Final.jar:4.1.68.Final]
	at io.netty.util.internal.PlatformDependent.isAndroid(PlatformDependent.java:294) ~[netty-common-4.1.68.Final.jar:4.1.68.Final]
	at io.netty.util.internal.PlatformDependent.<clinit>(PlatformDependent.java:88) ~[netty-common-4.1.68.Final.jar:4.1.68.Final]
	at io.netty.util.HashedWheelTimer.<init>(HashedWheelTimer.java:112) ~[netty-common-4.1.68.Final.jar:4.1.68.Final]
	at io.netty.util.HashedWheelTimer.<init>(HashedWheelTimer.java:221) ~[netty-common-4.1.68.Final.jar:4.1.68.Final]
	at io.netty.util.HashedWheelTimer.<init>(HashedWheelTimer.java:200) ~[netty-common-4.1.68.Final.jar:4.1.68.Final]
	at org.asynchttpclient.DefaultAsyncHttpClient.newNettyTimer(DefaultAsyncHttpClient.java:111) ~[async-http-client-2.12.3.jar:?]
	at org.asynchttpclient.DefaultAsyncHttpClient.<init>(DefaultAsyncHttpClient.java:90) ~[async-http-client-2.12.3.jar:?]
	at org.asynchttpclient.Dsl.asyncHttpClient(Dsl.java:32) ~[async-http-client-2.12.3.jar:?]
	at org.openqa.selenium.remote.http.netty.NettyClient.createHttpClient(NettyClient.java:114) ~[selenium-remote-driver-4.0.0.jar:?]
	at org.openqa.selenium.remote.http.netty.NettyClient.<clinit>(NettyClient.java:57) ~[selenium-remote-driver-4.0.0.jar:?]
	at org.openqa.selenium.remote.http.netty.NettyClient$Factory.createClient(NettyClient.java:163) ~[selenium-remote-driver-4.0.0.jar:?]
	at org.openqa.selenium.remote.HttpCommandExecutor.<init>(HttpCommandExecutor.java:107) ~[selenium-remote-driver-4.0.0.jar:?]
	at org.openqa.selenium.remote.HttpCommandExecutor.<init>(HttpCommandExecutor.java:94) ~[selenium-remote-driver-4.0.0.jar:?]
	at org.openqa.selenium.remote.HttpCommandExecutor.<init>(HttpCommandExecutor.java:85) ~[selenium-remote-driver-4.0.0.jar:?]
	at org.openqa.selenium.remote.service.DriverCommandExecutor.<init>(DriverCommandExecutor.java:77) ~[selenium-remote-driver-4.0.0.jar:?]
	at org.openqa.selenium.chromium.ChromiumDriverCommandExecutor.<init>(ChromiumDriverCommandExecutor.java:35) ~[selenium-chromium-driver-4.0.0.jar:?]
	at org.openqa.selenium.chrome.ChromeDriver$ChromeDriverCommandExecutor.<init>(ChromeDriver.java:111) ~[selenium-chrome-driver-4.0.0.jar:?]
	at org.openqa.selenium.chrome.ChromeDriver.<init>(ChromeDriver.java:104) ~[selenium-chrome-driver-4.0.0.jar:?]
	at org.openqa.selenium.chrome.ChromeDriver.<init>(ChromeDriver.java:91) ~[selenium-chrome-driver-4.0.0.jar:?]
	at org.openqa.selenium.chrome.ChromeDriver.<init>(ChromeDriver.java:46) ~[selenium-chrome-driver-4.0.0.jar:?]
	at testBase.BaseClass.setup(BaseClass.java:45) ~[test-classes/:?]
	at jdk.internal.reflect.NativeMethodAccessorImpl.invoke0(Native Method) ~[?:?]
	at jdk.internal.reflect.NativeMethodAccessorImpl.invoke(NativeMethodAccessorImpl.java:78) ~[?:?]
	at jdk.internal.reflect.DelegatingMethodAccessorImpl.invoke(DelegatingMethodAccessorImpl.java:43) ~[?:?]
	at java.lang.reflect.Method.invoke(Method.java:567) ~[?:?]
	at org.testng.internal.MethodInvocationHelper.invokeMethod(MethodInvocationHelper.java:132) ~[testng-7.3.0.jar:?]
	at org.testng.internal.MethodInvocationHelper.invokeMethodConsideringTimeout(MethodInvocationHelper.java:61) ~[testng-7.3.0.jar:?]
	at org.testng.internal.ConfigInvoker.invokeConfigurationMethod(ConfigInvoker.java:366) ~[testng-7.3.0.jar:?]
	at org.testng.internal.ConfigInvoker.invokeConfigurations(ConfigInvoker.java:320) ~[testng-7.3.0.jar:?]
	at org.testng.internal.TestMethodWorker.invokeBeforeClassMethods(TestMethodWorker.java:176) ~[testng-7.3.0.jar:?]
	at org.testng.internal.TestMethodWorker.run(TestMethodWorker.java:122) ~[testng-7.3.0.jar:?]
	at java.util.ArrayList.forEach(ArrayList.java:1511) [?:?]
	at org.testng.TestRunner.privateRun(TestRunner.java:764) [testng-7.3.0.jar:?]
	at org.testng.TestRunner.run(TestRunner.java:585) [testng-7.3.0.jar:?]
	at org.testng.SuiteRunner.runTest(SuiteRunner.java:384) [testng-7.3.0.jar:?]
	at org.testng.SuiteRunner.runSequentially(SuiteRunner.java:378) [testng-7.3.0.jar:?]
	at org.testng.SuiteRunner.privateRun(SuiteRunner.java:337) [testng-7.3.0.jar:?]
	at org.testng.SuiteRunner.run(SuiteRunner.java:286) [testng-7.3.0.jar:?]
	at org.testng.SuiteRunnerWorker.runSuite(SuiteRunnerWorker.java:53) [testng-7.3.0.jar:?]
	at org.testng.SuiteRunnerWorker.run(SuiteRunnerWorker.java:96) [testng-7.3.0.jar:?]
	at org.testng.TestNG.runSuitesSequentially(TestNG.java:1218) [testng-7.3.0.jar:?]
	at org.testng.TestNG.runSuitesLocally(TestNG.java:1140) [testng-7.3.0.jar:?]
	at org.testng.TestNG.runSuites(TestNG.java:1069) [testng-7.3.0.jar:?]
	at org.testng.TestNG.run(TestNG.java:1037) [testng-7.3.0.jar:?]
	at org.testng.remote.AbstractRemoteTestNG.run(AbstractRemoteTestNG.java:115) [testng-remote.jar:?]
	at org.testng.remote.RemoteTestNG.initAndRun(RemoteTestNG.java:251) [testng-remote.jar:?]
	at org.testng.remote.RemoteTestNG.main(RemoteTestNG.java:77) [testng-remote.jar:?]
17:46:43.961 [main] DEBUG io.netty.util.internal.PlatformDependent0 - java.nio.Bits.unaligned: available, true
17:46:43.961 [main] DEBUG io.netty.util.internal.PlatformDependent0 - jdk.internal.misc.Unsafe.allocateUninitializedArray(int): unavailable
java.lang.IllegalAccessException: class io.netty.util.internal.PlatformDependent0$6 cannot access class jdk.internal.misc.Unsafe (in module java.base) because module java.base does not export jdk.internal.misc to unnamed module @4883b407
	at jdk.internal.reflect.Reflection.newIllegalAccessException(Reflection.java:385) ~[?:?]
	at java.lang.reflect.AccessibleObject.checkAccess(AccessibleObject.java:687) ~[?:?]
	at java.lang.reflect.Method.invoke(Method.java:559) ~[?:?]
	at io.netty.util.internal.PlatformDependent0$6.run(PlatformDependent0.java:375) ~[netty-common-4.1.68.Final.jar:4.1.68.Final]
	at java.security.AccessController.doPrivileged(AccessController.java:312) ~[?:?]
	at io.netty.util.internal.PlatformDependent0.<clinit>(PlatformDependent0.java:366) ~[netty-common-4.1.68.Final.jar:4.1.68.Final]
	at io.netty.util.internal.PlatformDependent.isAndroid(PlatformDependent.java:294) ~[netty-common-4.1.68.Final.jar:4.1.68.Final]
	at io.netty.util.internal.PlatformDependent.<clinit>(PlatformDependent.java:88) ~[netty-common-4.1.68.Final.jar:4.1.68.Final]
	at io.netty.util.HashedWheelTimer.<init>(HashedWheelTimer.java:112) ~[netty-common-4.1.68.Final.jar:4.1.68.Final]
	at io.netty.util.HashedWheelTimer.<init>(HashedWheelTimer.java:221) ~[netty-common-4.1.68.Final.jar:4.1.68.Final]
	at io.netty.util.HashedWheelTimer.<init>(HashedWheelTimer.java:200) ~[netty-common-4.1.68.Final.jar:4.1.68.Final]
	at org.asynchttpclient.DefaultAsyncHttpClient.newNettyTimer(DefaultAsyncHttpClient.java:111) ~[async-http-client-2.12.3.jar:?]
	at org.asynchttpclient.DefaultAsyncHttpClient.<init>(DefaultAsyncHttpClient.java:90) ~[async-http-client-2.12.3.jar:?]
	at org.asynchttpclient.Dsl.asyncHttpClient(Dsl.java:32) ~[async-http-client-2.12.3.jar:?]
	at org.openqa.selenium.remote.http.netty.NettyClient.createHttpClient(NettyClient.java:114) ~[selenium-remote-driver-4.0.0.jar:?]
	at org.openqa.selenium.remote.http.netty.NettyClient.<clinit>(NettyClient.java:57) ~[selenium-remote-driver-4.0.0.jar:?]
	at org.openqa.selenium.remote.http.netty.NettyClient$Factory.createClient(NettyClient.java:163) ~[selenium-remote-driver-4.0.0.jar:?]
	at org.openqa.selenium.remote.HttpCommandExecutor.<init>(HttpCommandExecutor.java:107) ~[selenium-remote-driver-4.0.0.jar:?]
	at org.openqa.selenium.remote.HttpCommandExecutor.<init>(HttpCommandExecutor.java:94) ~[selenium-remote-driver-4.0.0.jar:?]
	at org.openqa.selenium.remote.HttpCommandExecutor.<init>(HttpCommandExecutor.java:85) ~[selenium-remote-driver-4.0.0.jar:?]
	at org.openqa.selenium.remote.service.DriverCommandExecutor.<init>(DriverCommandExecutor.java:77) ~[selenium-remote-driver-4.0.0.jar:?]
	at org.openqa.selenium.chromium.ChromiumDriverCommandExecutor.<init>(ChromiumDriverCommandExecutor.java:35) ~[selenium-chromium-driver-4.0.0.jar:?]
	at org.openqa.selenium.chrome.ChromeDriver$ChromeDriverCommandExecutor.<init>(ChromeDriver.java:111) ~[selenium-chrome-driver-4.0.0.jar:?]
	at org.openqa.selenium.chrome.ChromeDriver.<init>(ChromeDriver.java:104) ~[selenium-chrome-driver-4.0.0.jar:?]
	at org.openqa.selenium.chrome.ChromeDriver.<init>(ChromeDriver.java:91) ~[selenium-chrome-driver-4.0.0.jar:?]
	at org.openqa.selenium.chrome.ChromeDriver.<init>(ChromeDriver.java:46) ~[selenium-chrome-driver-4.0.0.jar:?]
	at testBase.BaseClass.setup(BaseClass.java:45) ~[test-classes/:?]
	at jdk.internal.reflect.NativeMethodAccessorImpl.invoke0(Native Method) ~[?:?]
	at jdk.internal.reflect.NativeMethodAccessorImpl.invoke(NativeMethodAccessorImpl.java:78) ~[?:?]
	at jdk.internal.reflect.DelegatingMethodAccessorImpl.invoke(DelegatingMethodAccessorImpl.java:43) ~[?:?]
	at java.lang.reflect.Method.invoke(Method.java:567) ~[?:?]
	at org.testng.internal.MethodInvocationHelper.invokeMethod(MethodInvocationHelper.java:132) ~[testng-7.3.0.jar:?]
	at org.testng.internal.MethodInvocationHelper.invokeMethodConsideringTimeout(MethodInvocationHelper.java:61) ~[testng-7.3.0.jar:?]
	at org.testng.internal.ConfigInvoker.invokeConfigurationMethod(ConfigInvoker.java:366) ~[testng-7.3.0.jar:?]
	at org.testng.internal.ConfigInvoker.invokeConfigurations(ConfigInvoker.java:320) ~[testng-7.3.0.jar:?]
	at org.testng.internal.TestMethodWorker.invokeBeforeClassMethods(TestMethodWorker.java:176) ~[testng-7.3.0.jar:?]
	at org.testng.internal.TestMethodWorker.run(TestMethodWorker.java:122) ~[testng-7.3.0.jar:?]
	at java.util.ArrayList.forEach(ArrayList.java:1511) [?:?]
	at org.testng.TestRunner.privateRun(TestRunner.java:764) [testng-7.3.0.jar:?]
	at org.testng.TestRunner.run(TestRunner.java:585) [testng-7.3.0.jar:?]
	at org.testng.SuiteRunner.runTest(SuiteRunner.java:384) [testng-7.3.0.jar:?]
	at org.testng.SuiteRunner.runSequentially(SuiteRunner.java:378) [testng-7.3.0.jar:?]
	at org.testng.SuiteRunner.privateRun(SuiteRunner.java:337) [testng-7.3.0.jar:?]
	at org.testng.SuiteRunner.run(SuiteRunner.java:286) [testng-7.3.0.jar:?]
	at org.testng.SuiteRunnerWorker.runSuite(SuiteRunnerWorker.java:53) [testng-7.3.0.jar:?]
	at org.testng.SuiteRunnerWorker.run(SuiteRunnerWorker.java:96) [testng-7.3.0.jar:?]
	at org.testng.TestNG.runSuitesSequentially(TestNG.java:1218) [testng-7.3.0.jar:?]
	at org.testng.TestNG.runSuitesLocally(TestNG.java:1140) [testng-7.3.0.jar:?]
	at org.testng.TestNG.runSuites(TestNG.java:1069) [testng-7.3.0.jar:?]
	at org.testng.TestNG.run(TestNG.java:1037) [testng-7.3.0.jar:?]
	at org.testng.remote.AbstractRemoteTestNG.run(AbstractRemoteTestNG.java:115) [testng-remote.jar:?]
	at org.testng.remote.RemoteTestNG.initAndRun(RemoteTestNG.java:251) [testng-remote.jar:?]
	at org.testng.remote.RemoteTestNG.main(RemoteTestNG.java:77) [testng-remote.jar:?]
17:46:43.964 [main] DEBUG io.netty.util.internal.PlatformDependent0 - java.nio.DirectByteBuffer.<init>(long, int): unavailable
17:46:43.964 [main] DEBUG io.netty.util.internal.PlatformDependent - sun.misc.Unsafe: available
17:46:43.964 [main] DEBUG io.netty.util.internal.PlatformDependent - maxDirectMemory: 2086666240 bytes (maybe)
17:46:43.965 [main] DEBUG io.netty.util.internal.PlatformDependent - -Dio.netty.tmpdir: C:\Users\Hp\AppData\Local\Temp (java.io.tmpdir)
17:46:43.965 [main] DEBUG io.netty.util.internal.PlatformDependent - -Dio.netty.bitMode: 64 (sun.arch.data.model)
17:46:43.965 [main] DEBUG io.netty.util.internal.PlatformDependent - Platform: Windows
17:46:43.966 [main] DEBUG io.netty.util.internal.PlatformDependent - -Dio.netty.maxDirectMemory: -1 bytes
17:46:43.966 [main] DEBUG io.netty.util.internal.PlatformDependent - -Dio.netty.uninitializedArrayAllocationThreshold: -1
17:46:43.967 [main] DEBUG io.netty.util.internal.CleanerJava9 - java.nio.ByteBuffer.cleaner(): available
17:46:43.967 [main] DEBUG io.netty.util.internal.PlatformDependent - -Dio.netty.noPreferDirect: false
17:46:43.972 [main] DEBUG io.netty.util.internal.PlatformDependent - org.jctools-core.MpscChunkedArrayQueue: available
17:46:43.989 [main] DEBUG io.netty.util.internal.InternalThreadLocalMap - -Dio.netty.threadLocalMap.stringBuilder.initialSize: 1024
17:46:43.989 [main] DEBUG io.netty.util.internal.InternalThreadLocalMap - -Dio.netty.threadLocalMap.stringBuilder.maxSize: 4096
17:46:44.002 [main] DEBUG io.netty.handler.ssl.JdkSslContext - Default protocols (JDK): [TLSv1.3, TLSv1.2] 
17:46:44.002 [main] DEBUG io.netty.handler.ssl.JdkSslContext - Default cipher suites (JDK): [TLS_ECDHE_ECDSA_WITH_AES_256_GCM_SHA384, TLS_ECDHE_ECDSA_WITH_AES_128_GCM_SHA256, TLS_ECDHE_RSA_WITH_AES_128_GCM_SHA256, TLS_ECDHE_RSA_WITH_AES_256_GCM_SHA384, TLS_ECDHE_RSA_WITH_AES_128_CBC_SHA, TLS_ECDHE_RSA_WITH_AES_256_CBC_SHA, TLS_RSA_WITH_AES_128_GCM_SHA256, TLS_RSA_WITH_AES_128_CBC_SHA, TLS_RSA_WITH_AES_256_CBC_SHA, TLS_AES_128_GCM_SHA256, TLS_AES_256_GCM_SHA384]
17:46:44.032 [main] DEBUG io.netty.channel.MultithreadEventLoopGroup - -Dio.netty.eventLoopThreads: 16
17:46:44.041 [main] DEBUG io.netty.channel.nio.NioEventLoop - -Dio.netty.noKeySetOptimization: false
17:46:44.041 [main] DEBUG io.netty.channel.nio.NioEventLoop - -Dio.netty.selectorAutoRebuildThreshold: 512
17:46:44.053 [main] TRACE io.netty.channel.nio.NioEventLoop - instrumented a special java.util.Set into: sun.nio.ch.WindowsSelectorImpl@64aad809
17:46:44.055 [main] TRACE io.netty.channel.nio.NioEventLoop - instrumented a special java.util.Set into: sun.nio.ch.WindowsSelectorImpl@9b9a327
17:46:44.056 [main] TRACE io.netty.channel.nio.NioEventLoop - instrumented a special java.util.Set into: sun.nio.ch.WindowsSelectorImpl@75a0c890
17:46:44.057 [main] TRACE io.netty.channel.nio.NioEventLoop - instrumented a special java.util.Set into: sun.nio.ch.WindowsSelectorImpl@358ab600
17:46:44.059 [main] TRACE io.netty.channel.nio.NioEventLoop - instrumented a special java.util.Set into: sun.nio.ch.WindowsSelectorImpl@e26af6
17:46:44.060 [main] TRACE io.netty.channel.nio.NioEventLoop - instrumented a special java.util.Set into: sun.nio.ch.WindowsSelectorImpl@44065156
17:46:44.061 [main] TRACE io.netty.channel.nio.NioEventLoop - instrumented a special java.util.Set into: sun.nio.ch.WindowsSelectorImpl@3791f50e
17:46:44.062 [main] TRACE io.netty.channel.nio.NioEventLoop - instrumented a special java.util.Set into: sun.nio.ch.WindowsSelectorImpl@574b7f4a
17:46:44.063 [main] TRACE io.netty.channel.nio.NioEventLoop - instrumented a special java.util.Set into: sun.nio.ch.WindowsSelectorImpl@44ed0a8f
17:46:44.064 [main] TRACE io.netty.channel.nio.NioEventLoop - instrumented a special java.util.Set into: sun.nio.ch.WindowsSelectorImpl@32177fa5
17:46:44.065 [main] TRACE io.netty.channel.nio.NioEventLoop - instrumented a special java.util.Set into: sun.nio.ch.WindowsSelectorImpl@a96d56c
17:46:44.066 [main] TRACE io.netty.channel.nio.NioEventLoop - instrumented a special java.util.Set into: sun.nio.ch.WindowsSelectorImpl@6ab4a5b
17:46:44.067 [main] TRACE io.netty.channel.nio.NioEventLoop - instrumented a special java.util.Set into: sun.nio.ch.WindowsSelectorImpl@2abe9173
17:46:44.069 [main] TRACE io.netty.channel.nio.NioEventLoop - instrumented a special java.util.Set into: sun.nio.ch.WindowsSelectorImpl@235d29d6
17:46:44.070 [main] TRACE io.netty.channel.nio.NioEventLoop - instrumented a special java.util.Set into: sun.nio.ch.WindowsSelectorImpl@1fdca564
17:46:44.071 [main] TRACE io.netty.channel.nio.NioEventLoop - instrumented a special java.util.Set into: sun.nio.ch.WindowsSelectorImpl@43f9dd56
17:46:44.087 [main] DEBUG io.netty.buffer.PooledByteBufAllocator - -Dio.netty.allocator.numHeapArenas: 16
17:46:44.087 [main] DEBUG io.netty.buffer.PooledByteBufAllocator - -Dio.netty.allocator.numDirectArenas: 16
17:46:44.087 [main] DEBUG io.netty.buffer.PooledByteBufAllocator - -Dio.netty.allocator.pageSize: 8192
17:46:44.087 [main] DEBUG io.netty.buffer.PooledByteBufAllocator - -Dio.netty.allocator.maxOrder: 11
17:46:44.087 [main] DEBUG io.netty.buffer.PooledByteBufAllocator - -Dio.netty.allocator.chunkSize: 16777216
17:46:44.088 [main] DEBUG io.netty.buffer.PooledByteBufAllocator - -Dio.netty.allocator.smallCacheSize: 256
17:46:44.088 [main] DEBUG io.netty.buffer.PooledByteBufAllocator - -Dio.netty.allocator.normalCacheSize: 64
17:46:44.088 [main] DEBUG io.netty.buffer.PooledByteBufAllocator - -Dio.netty.allocator.maxCachedBufferCapacity: 32768
17:46:44.088 [main] DEBUG io.netty.buffer.PooledByteBufAllocator - -Dio.netty.allocator.cacheTrimInterval: 8192
17:46:44.088 [main] DEBUG io.netty.buffer.PooledByteBufAllocator - -Dio.netty.allocator.cacheTrimIntervalMillis: 0
17:46:44.088 [main] DEBUG io.netty.buffer.PooledByteBufAllocator - -Dio.netty.allocator.useCacheForAllThreads: true
17:46:44.088 [main] DEBUG io.netty.buffer.PooledByteBufAllocator - -Dio.netty.allocator.maxCachedByteBuffersPerChunk: 1023
17:46:44.105 [main] DEBUG io.netty.buffer.ByteBufUtil - -Dio.netty.allocator.type: pooled
17:46:44.106 [main] DEBUG io.netty.buffer.ByteBufUtil - -Dio.netty.threadLocalDirectBufferSize: 0
17:46:44.106 [main] DEBUG io.netty.buffer.ByteBufUtil - -Dio.netty.maxThreadLocalCharBufferSize: 16384
17:46:44.398 [Forwarding newSession on session null to remote] DEBUG io.netty.channel.DefaultChannelId - -Dio.netty.processId: 17576 (auto-detected)
17:46:44.401 [Forwarding newSession on session null to remote] DEBUG io.netty.util.NetUtil - -Djava.net.preferIPv4Stack: false
17:46:44.401 [Forwarding newSession on session null to remote] DEBUG io.netty.util.NetUtil - -Djava.net.preferIPv6Addresses: false
17:46:44.408 [Forwarding newSession on session null to remote] DEBUG io.netty.util.NetUtilInitializations - Loopback interface: lo (Software Loopback Interface 1, 127.0.0.1)
17:46:44.409 [Forwarding newSession on session null to remote] DEBUG io.netty.util.NetUtil - Failed to get SOMAXCONN from sysctl and file \proc\sys\net\core\somaxconn. Default: 200
17:46:44.427 [Forwarding newSession on session null to remote] DEBUG io.netty.channel.DefaultChannelId - -Dio.netty.machineId: cc:6b:1e:ff:fe:46:6c:cb (auto-detected)
17:46:44.474 [AsyncHttpClient-1-2] DEBUG io.netty.buffer.AbstractByteBuf - -Dio.netty.buffer.checkAccessible: true
17:46:44.475 [AsyncHttpClient-1-2] DEBUG io.netty.buffer.AbstractByteBuf - -Dio.netty.buffer.checkBounds: true
17:46:44.475 [AsyncHttpClient-1-2] DEBUG io.netty.util.ResourceLeakDetectorFactory - Loaded default ResourceLeakDetector: io.netty.util.ResourceLeakDetector@5ef43634
17:46:44.495 [AsyncHttpClient-1-2] DEBUG io.netty.util.Recycler - -Dio.netty.recycler.maxCapacityPerThread: 4096
17:46:44.495 [AsyncHttpClient-1-2] DEBUG io.netty.util.Recycler - -Dio.netty.recycler.maxSharedCapacityFactor: 2
17:46:44.495 [AsyncHttpClient-1-2] DEBUG io.netty.util.Recycler - -Dio.netty.recycler.linkCapacity: 16
17:46:44.496 [AsyncHttpClient-1-2] DEBUG io.netty.util.Recycler - -Dio.netty.recycler.ratio: 8
17:46:44.496 [AsyncHttpClient-1-2] DEBUG io.netty.util.Recycler - -Dio.netty.recycler.delayedQueue.ratio: 8
17:46:45.201 [AsyncHttpClient-1-2] DEBUG io.netty.handler.codec.compression.Brotli - brotli4j not in the classpath; Brotli support will be unavailable.
17:46:45.424 [main] DEBUG io.netty.util.internal.ThreadLocalRandom - -Dio.netty.initialSeedUniquifier: 0x26325a466257b3ac
17:46:45.493 [main] INFO  testCases.TC_001_AccountRegistration - Launched Chrome Browser
17:46:48.122 [main] INFO  testCases.TC_001_AccountRegistration - URL opened
17:46:48.378 [main] INFO  testCases.TC_001_AccountRegistration - my accoynt got clikced
17:46:49.786 [main] INFO  testCases.TC_001_AccountRegistration - setFirstName
17:46:49.866 [main] INFO  testCases.TC_001_AccountRegistration - setLastName
17:46:49.972 [main] INFO  testCases.TC_001_AccountRegistration - setEmail
17:46:50.062 [main] INFO  testCases.TC_001_AccountRegistration - setTelephone
17:46:50.179 [main] INFO  testCases.TC_001_AccountRegistration - setPassword
17:46:50.260 [main] INFO  testCases.TC_001_AccountRegistration - setConfirmPassword
17:47:00.314 [main] ERROR testCases.TC_001_AccountRegistration - account register failed
17:47:00.331 [main] ERROR testCases.TC_001_AccountRegistration - account register failed
20:49:41.483 [main] DEBUG io.netty.util.internal.logging.InternalLoggerFactory - Using Log4J2 as the default logging framework
20:49:41.495 [main] DEBUG io.netty.util.ResourceLeakDetector - -Dio.netty.leakDetection.level: simple
20:49:41.496 [main] DEBUG io.netty.util.ResourceLeakDetector - -Dio.netty.leakDetection.targetRecords: 4
20:49:41.500 [main] DEBUG io.netty.util.ResourceLeakDetectorFactory - Loaded default ResourceLeakDetector: io.netty.util.ResourceLeakDetector@4a734c04
20:49:41.518 [main] DEBUG io.netty.util.internal.PlatformDependent0 - -Dio.netty.noUnsafe: false
20:49:41.518 [main] DEBUG io.netty.util.internal.PlatformDependent0 - Java version: 16
20:49:41.520 [main] DEBUG io.netty.util.internal.PlatformDependent0 - sun.misc.Unsafe.theUnsafe: available
20:49:41.521 [main] DEBUG io.netty.util.internal.PlatformDependent0 - sun.misc.Unsafe.copyMemory: available
20:49:41.521 [main] DEBUG io.netty.util.internal.PlatformDependent0 - java.nio.Buffer.address: available
20:49:41.522 [main] DEBUG io.netty.util.internal.PlatformDependent0 - direct buffer constructor: unavailable
java.lang.UnsupportedOperationException: Reflective setAccessible(true) disabled
	at io.netty.util.internal.ReflectionUtil.trySetAccessible(ReflectionUtil.java:31) ~[netty-common-4.1.68.Final.jar:4.1.68.Final]
	at io.netty.util.internal.PlatformDependent0$4.run(PlatformDependent0.java:253) ~[netty-common-4.1.68.Final.jar:4.1.68.Final]
	at java.security.AccessController.doPrivileged(AccessController.java:312) ~[?:?]
	at io.netty.util.internal.PlatformDependent0.<clinit>(PlatformDependent0.java:247) ~[netty-common-4.1.68.Final.jar:4.1.68.Final]
	at io.netty.util.internal.PlatformDependent.isAndroid(PlatformDependent.java:294) ~[netty-common-4.1.68.Final.jar:4.1.68.Final]
	at io.netty.util.internal.PlatformDependent.<clinit>(PlatformDependent.java:88) ~[netty-common-4.1.68.Final.jar:4.1.68.Final]
	at io.netty.util.HashedWheelTimer.<init>(HashedWheelTimer.java:112) ~[netty-common-4.1.68.Final.jar:4.1.68.Final]
	at io.netty.util.HashedWheelTimer.<init>(HashedWheelTimer.java:221) ~[netty-common-4.1.68.Final.jar:4.1.68.Final]
	at io.netty.util.HashedWheelTimer.<init>(HashedWheelTimer.java:200) ~[netty-common-4.1.68.Final.jar:4.1.68.Final]
	at org.asynchttpclient.DefaultAsyncHttpClient.newNettyTimer(DefaultAsyncHttpClient.java:111) ~[async-http-client-2.12.3.jar:?]
	at org.asynchttpclient.DefaultAsyncHttpClient.<init>(DefaultAsyncHttpClient.java:90) ~[async-http-client-2.12.3.jar:?]
	at org.asynchttpclient.Dsl.asyncHttpClient(Dsl.java:32) ~[async-http-client-2.12.3.jar:?]
	at org.openqa.selenium.remote.http.netty.NettyClient.createHttpClient(NettyClient.java:114) ~[selenium-remote-driver-4.0.0.jar:?]
	at org.openqa.selenium.remote.http.netty.NettyClient.<clinit>(NettyClient.java:57) ~[selenium-remote-driver-4.0.0.jar:?]
	at org.openqa.selenium.remote.http.netty.NettyClient$Factory.createClient(NettyClient.java:163) ~[selenium-remote-driver-4.0.0.jar:?]
	at org.openqa.selenium.remote.HttpCommandExecutor.<init>(HttpCommandExecutor.java:107) ~[selenium-remote-driver-4.0.0.jar:?]
	at org.openqa.selenium.remote.HttpCommandExecutor.<init>(HttpCommandExecutor.java:94) ~[selenium-remote-driver-4.0.0.jar:?]
	at org.openqa.selenium.remote.HttpCommandExecutor.<init>(HttpCommandExecutor.java:85) ~[selenium-remote-driver-4.0.0.jar:?]
	at org.openqa.selenium.remote.service.DriverCommandExecutor.<init>(DriverCommandExecutor.java:77) ~[selenium-remote-driver-4.0.0.jar:?]
	at org.openqa.selenium.chromium.ChromiumDriverCommandExecutor.<init>(ChromiumDriverCommandExecutor.java:35) ~[selenium-chromium-driver-4.0.0.jar:?]
	at org.openqa.selenium.chrome.ChromeDriver$ChromeDriverCommandExecutor.<init>(ChromeDriver.java:111) ~[selenium-chrome-driver-4.0.0.jar:?]
	at org.openqa.selenium.chrome.ChromeDriver.<init>(ChromeDriver.java:104) ~[selenium-chrome-driver-4.0.0.jar:?]
	at org.openqa.selenium.chrome.ChromeDriver.<init>(ChromeDriver.java:91) ~[selenium-chrome-driver-4.0.0.jar:?]
	at org.openqa.selenium.chrome.ChromeDriver.<init>(ChromeDriver.java:46) ~[selenium-chrome-driver-4.0.0.jar:?]
	at testBase.BaseClass.setup(BaseClass.java:45) ~[test-classes/:?]
	at jdk.internal.reflect.NativeMethodAccessorImpl.invoke0(Native Method) ~[?:?]
	at jdk.internal.reflect.NativeMethodAccessorImpl.invoke(NativeMethodAccessorImpl.java:78) ~[?:?]
	at jdk.internal.reflect.DelegatingMethodAccessorImpl.invoke(DelegatingMethodAccessorImpl.java:43) ~[?:?]
	at java.lang.reflect.Method.invoke(Method.java:567) ~[?:?]
	at org.testng.internal.MethodInvocationHelper.invokeMethod(MethodInvocationHelper.java:132) ~[testng-7.3.0.jar:?]
	at org.testng.internal.MethodInvocationHelper.invokeMethodConsideringTimeout(MethodInvocationHelper.java:61) ~[testng-7.3.0.jar:?]
	at org.testng.internal.ConfigInvoker.invokeConfigurationMethod(ConfigInvoker.java:366) ~[testng-7.3.0.jar:?]
	at org.testng.internal.ConfigInvoker.invokeConfigurations(ConfigInvoker.java:320) ~[testng-7.3.0.jar:?]
	at org.testng.internal.TestMethodWorker.invokeBeforeClassMethods(TestMethodWorker.java:176) ~[testng-7.3.0.jar:?]
	at org.testng.internal.TestMethodWorker.run(TestMethodWorker.java:122) ~[testng-7.3.0.jar:?]
	at java.util.ArrayList.forEach(ArrayList.java:1511) [?:?]
	at org.testng.TestRunner.privateRun(TestRunner.java:764) [testng-7.3.0.jar:?]
	at org.testng.TestRunner.run(TestRunner.java:585) [testng-7.3.0.jar:?]
	at org.testng.SuiteRunner.runTest(SuiteRunner.java:384) [testng-7.3.0.jar:?]
	at org.testng.SuiteRunner.runSequentially(SuiteRunner.java:378) [testng-7.3.0.jar:?]
	at org.testng.SuiteRunner.privateRun(SuiteRunner.java:337) [testng-7.3.0.jar:?]
	at org.testng.SuiteRunner.run(SuiteRunner.java:286) [testng-7.3.0.jar:?]
	at org.testng.SuiteRunnerWorker.runSuite(SuiteRunnerWorker.java:53) [testng-7.3.0.jar:?]
	at org.testng.SuiteRunnerWorker.run(SuiteRunnerWorker.java:96) [testng-7.3.0.jar:?]
	at org.testng.TestNG.runSuitesSequentially(TestNG.java:1218) [testng-7.3.0.jar:?]
	at org.testng.TestNG.runSuitesLocally(TestNG.java:1140) [testng-7.3.0.jar:?]
	at org.testng.TestNG.runSuites(TestNG.java:1069) [testng-7.3.0.jar:?]
	at org.testng.TestNG.run(TestNG.java:1037) [testng-7.3.0.jar:?]
	at org.testng.remote.AbstractRemoteTestNG.run(AbstractRemoteTestNG.java:115) [testng-remote.jar:?]
	at org.testng.remote.RemoteTestNG.initAndRun(RemoteTestNG.java:251) [testng-remote.jar:?]
	at org.testng.remote.RemoteTestNG.main(RemoteTestNG.java:77) [testng-remote.jar:?]
20:49:41.529 [main] DEBUG io.netty.util.internal.PlatformDependent0 - java.nio.Bits.unaligned: available, true
20:49:41.530 [main] DEBUG io.netty.util.internal.PlatformDependent0 - jdk.internal.misc.Unsafe.allocateUninitializedArray(int): unavailable
java.lang.IllegalAccessException: class io.netty.util.internal.PlatformDependent0$6 cannot access class jdk.internal.misc.Unsafe (in module java.base) because module java.base does not export jdk.internal.misc to unnamed module @4883b407
	at jdk.internal.reflect.Reflection.newIllegalAccessException(Reflection.java:385) ~[?:?]
	at java.lang.reflect.AccessibleObject.checkAccess(AccessibleObject.java:687) ~[?:?]
	at java.lang.reflect.Method.invoke(Method.java:559) ~[?:?]
	at io.netty.util.internal.PlatformDependent0$6.run(PlatformDependent0.java:375) ~[netty-common-4.1.68.Final.jar:4.1.68.Final]
	at java.security.AccessController.doPrivileged(AccessController.java:312) ~[?:?]
	at io.netty.util.internal.PlatformDependent0.<clinit>(PlatformDependent0.java:366) ~[netty-common-4.1.68.Final.jar:4.1.68.Final]
	at io.netty.util.internal.PlatformDependent.isAndroid(PlatformDependent.java:294) ~[netty-common-4.1.68.Final.jar:4.1.68.Final]
	at io.netty.util.internal.PlatformDependent.<clinit>(PlatformDependent.java:88) ~[netty-common-4.1.68.Final.jar:4.1.68.Final]
	at io.netty.util.HashedWheelTimer.<init>(HashedWheelTimer.java:112) ~[netty-common-4.1.68.Final.jar:4.1.68.Final]
	at io.netty.util.HashedWheelTimer.<init>(HashedWheelTimer.java:221) ~[netty-common-4.1.68.Final.jar:4.1.68.Final]
	at io.netty.util.HashedWheelTimer.<init>(HashedWheelTimer.java:200) ~[netty-common-4.1.68.Final.jar:4.1.68.Final]
	at org.asynchttpclient.DefaultAsyncHttpClient.newNettyTimer(DefaultAsyncHttpClient.java:111) ~[async-http-client-2.12.3.jar:?]
	at org.asynchttpclient.DefaultAsyncHttpClient.<init>(DefaultAsyncHttpClient.java:90) ~[async-http-client-2.12.3.jar:?]
	at org.asynchttpclient.Dsl.asyncHttpClient(Dsl.java:32) ~[async-http-client-2.12.3.jar:?]
	at org.openqa.selenium.remote.http.netty.NettyClient.createHttpClient(NettyClient.java:114) ~[selenium-remote-driver-4.0.0.jar:?]
	at org.openqa.selenium.remote.http.netty.NettyClient.<clinit>(NettyClient.java:57) ~[selenium-remote-driver-4.0.0.jar:?]
	at org.openqa.selenium.remote.http.netty.NettyClient$Factory.createClient(NettyClient.java:163) ~[selenium-remote-driver-4.0.0.jar:?]
	at org.openqa.selenium.remote.HttpCommandExecutor.<init>(HttpCommandExecutor.java:107) ~[selenium-remote-driver-4.0.0.jar:?]
	at org.openqa.selenium.remote.HttpCommandExecutor.<init>(HttpCommandExecutor.java:94) ~[selenium-remote-driver-4.0.0.jar:?]
	at org.openqa.selenium.remote.HttpCommandExecutor.<init>(HttpCommandExecutor.java:85) ~[selenium-remote-driver-4.0.0.jar:?]
	at org.openqa.selenium.remote.service.DriverCommandExecutor.<init>(DriverCommandExecutor.java:77) ~[selenium-remote-driver-4.0.0.jar:?]
	at org.openqa.selenium.chromium.ChromiumDriverCommandExecutor.<init>(ChromiumDriverCommandExecutor.java:35) ~[selenium-chromium-driver-4.0.0.jar:?]
	at org.openqa.selenium.chrome.ChromeDriver$ChromeDriverCommandExecutor.<init>(ChromeDriver.java:111) ~[selenium-chrome-driver-4.0.0.jar:?]
	at org.openqa.selenium.chrome.ChromeDriver.<init>(ChromeDriver.java:104) ~[selenium-chrome-driver-4.0.0.jar:?]
	at org.openqa.selenium.chrome.ChromeDriver.<init>(ChromeDriver.java:91) ~[selenium-chrome-driver-4.0.0.jar:?]
	at org.openqa.selenium.chrome.ChromeDriver.<init>(ChromeDriver.java:46) ~[selenium-chrome-driver-4.0.0.jar:?]
	at testBase.BaseClass.setup(BaseClass.java:45) ~[test-classes/:?]
	at jdk.internal.reflect.NativeMethodAccessorImpl.invoke0(Native Method) ~[?:?]
	at jdk.internal.reflect.NativeMethodAccessorImpl.invoke(NativeMethodAccessorImpl.java:78) ~[?:?]
	at jdk.internal.reflect.DelegatingMethodAccessorImpl.invoke(DelegatingMethodAccessorImpl.java:43) ~[?:?]
	at java.lang.reflect.Method.invoke(Method.java:567) ~[?:?]
	at org.testng.internal.MethodInvocationHelper.invokeMethod(MethodInvocationHelper.java:132) ~[testng-7.3.0.jar:?]
	at org.testng.internal.MethodInvocationHelper.invokeMethodConsideringTimeout(MethodInvocationHelper.java:61) ~[testng-7.3.0.jar:?]
	at org.testng.internal.ConfigInvoker.invokeConfigurationMethod(ConfigInvoker.java:366) ~[testng-7.3.0.jar:?]
	at org.testng.internal.ConfigInvoker.invokeConfigurations(ConfigInvoker.java:320) ~[testng-7.3.0.jar:?]
	at org.testng.internal.TestMethodWorker.invokeBeforeClassMethods(TestMethodWorker.java:176) ~[testng-7.3.0.jar:?]
	at org.testng.internal.TestMethodWorker.run(TestMethodWorker.java:122) ~[testng-7.3.0.jar:?]
	at java.util.ArrayList.forEach(ArrayList.java:1511) [?:?]
	at org.testng.TestRunner.privateRun(TestRunner.java:764) [testng-7.3.0.jar:?]
	at org.testng.TestRunner.run(TestRunner.java:585) [testng-7.3.0.jar:?]
	at org.testng.SuiteRunner.runTest(SuiteRunner.java:384) [testng-7.3.0.jar:?]
	at org.testng.SuiteRunner.runSequentially(SuiteRunner.java:378) [testng-7.3.0.jar:?]
	at org.testng.SuiteRunner.privateRun(SuiteRunner.java:337) [testng-7.3.0.jar:?]
	at org.testng.SuiteRunner.run(SuiteRunner.java:286) [testng-7.3.0.jar:?]
	at org.testng.SuiteRunnerWorker.runSuite(SuiteRunnerWorker.java:53) [testng-7.3.0.jar:?]
	at org.testng.SuiteRunnerWorker.run(SuiteRunnerWorker.java:96) [testng-7.3.0.jar:?]
	at org.testng.TestNG.runSuitesSequentially(TestNG.java:1218) [testng-7.3.0.jar:?]
	at org.testng.TestNG.runSuitesLocally(TestNG.java:1140) [testng-7.3.0.jar:?]
	at org.testng.TestNG.runSuites(TestNG.java:1069) [testng-7.3.0.jar:?]
	at org.testng.TestNG.run(TestNG.java:1037) [testng-7.3.0.jar:?]
	at org.testng.remote.AbstractRemoteTestNG.run(AbstractRemoteTestNG.java:115) [testng-remote.jar:?]
	at org.testng.remote.RemoteTestNG.initAndRun(RemoteTestNG.java:251) [testng-remote.jar:?]
	at org.testng.remote.RemoteTestNG.main(RemoteTestNG.java:77) [testng-remote.jar:?]
20:49:41.532 [main] DEBUG io.netty.util.internal.PlatformDependent0 - java.nio.DirectByteBuffer.<init>(long, int): unavailable
20:49:41.533 [main] DEBUG io.netty.util.internal.PlatformDependent - sun.misc.Unsafe: available
20:49:41.533 [main] DEBUG io.netty.util.internal.PlatformDependent - maxDirectMemory: 2086666240 bytes (maybe)
20:49:41.533 [main] DEBUG io.netty.util.internal.PlatformDependent - -Dio.netty.tmpdir: C:\Users\Hp\AppData\Local\Temp (java.io.tmpdir)
20:49:41.533 [main] DEBUG io.netty.util.internal.PlatformDependent - -Dio.netty.bitMode: 64 (sun.arch.data.model)
20:49:41.534 [main] DEBUG io.netty.util.internal.PlatformDependent - Platform: Windows
20:49:41.535 [main] DEBUG io.netty.util.internal.PlatformDependent - -Dio.netty.maxDirectMemory: -1 bytes
20:49:41.535 [main] DEBUG io.netty.util.internal.PlatformDependent - -Dio.netty.uninitializedArrayAllocationThreshold: -1
20:49:41.536 [main] DEBUG io.netty.util.internal.CleanerJava9 - java.nio.ByteBuffer.cleaner(): available
20:49:41.536 [main] DEBUG io.netty.util.internal.PlatformDependent - -Dio.netty.noPreferDirect: false
20:49:41.544 [main] DEBUG io.netty.util.internal.PlatformDependent - org.jctools-core.MpscChunkedArrayQueue: available
20:49:41.574 [main] DEBUG io.netty.util.internal.InternalThreadLocalMap - -Dio.netty.threadLocalMap.stringBuilder.initialSize: 1024
20:49:41.574 [main] DEBUG io.netty.util.internal.InternalThreadLocalMap - -Dio.netty.threadLocalMap.stringBuilder.maxSize: 4096
20:49:41.593 [main] DEBUG io.netty.handler.ssl.JdkSslContext - Default protocols (JDK): [TLSv1.3, TLSv1.2] 
20:49:41.593 [main] DEBUG io.netty.handler.ssl.JdkSslContext - Default cipher suites (JDK): [TLS_ECDHE_ECDSA_WITH_AES_256_GCM_SHA384, TLS_ECDHE_ECDSA_WITH_AES_128_GCM_SHA256, TLS_ECDHE_RSA_WITH_AES_128_GCM_SHA256, TLS_ECDHE_RSA_WITH_AES_256_GCM_SHA384, TLS_ECDHE_RSA_WITH_AES_128_CBC_SHA, TLS_ECDHE_RSA_WITH_AES_256_CBC_SHA, TLS_RSA_WITH_AES_128_GCM_SHA256, TLS_RSA_WITH_AES_128_CBC_SHA, TLS_RSA_WITH_AES_256_CBC_SHA, TLS_AES_128_GCM_SHA256, TLS_AES_256_GCM_SHA384]
20:49:41.629 [main] DEBUG io.netty.channel.MultithreadEventLoopGroup - -Dio.netty.eventLoopThreads: 16
20:49:41.645 [main] DEBUG io.netty.channel.nio.NioEventLoop - -Dio.netty.noKeySetOptimization: false
20:49:41.645 [main] DEBUG io.netty.channel.nio.NioEventLoop - -Dio.netty.selectorAutoRebuildThreshold: 512
20:49:41.707 [main] TRACE io.netty.channel.nio.NioEventLoop - instrumented a special java.util.Set into: sun.nio.ch.WindowsSelectorImpl@64aad809
20:49:41.709 [main] TRACE io.netty.channel.nio.NioEventLoop - instrumented a special java.util.Set into: sun.nio.ch.WindowsSelectorImpl@9b9a327
20:49:41.710 [main] TRACE io.netty.channel.nio.NioEventLoop - instrumented a special java.util.Set into: sun.nio.ch.WindowsSelectorImpl@75a0c890
20:49:41.711 [main] TRACE io.netty.channel.nio.NioEventLoop - instrumented a special java.util.Set into: sun.nio.ch.WindowsSelectorImpl@358ab600
20:49:41.712 [main] TRACE io.netty.channel.nio.NioEventLoop - instrumented a special java.util.Set into: sun.nio.ch.WindowsSelectorImpl@e26af6
20:49:41.713 [main] TRACE io.netty.channel.nio.NioEventLoop - instrumented a special java.util.Set into: sun.nio.ch.WindowsSelectorImpl@44065156
20:49:41.715 [main] TRACE io.netty.channel.nio.NioEventLoop - instrumented a special java.util.Set into: sun.nio.ch.WindowsSelectorImpl@3791f50e
20:49:41.716 [main] TRACE io.netty.channel.nio.NioEventLoop - instrumented a special java.util.Set into: sun.nio.ch.WindowsSelectorImpl@574b7f4a
20:49:41.718 [main] TRACE io.netty.channel.nio.NioEventLoop - instrumented a special java.util.Set into: sun.nio.ch.WindowsSelectorImpl@44ed0a8f
20:49:41.720 [main] TRACE io.netty.channel.nio.NioEventLoop - instrumented a special java.util.Set into: sun.nio.ch.WindowsSelectorImpl@32177fa5
20:49:41.722 [main] TRACE io.netty.channel.nio.NioEventLoop - instrumented a special java.util.Set into: sun.nio.ch.WindowsSelectorImpl@a96d56c
20:49:41.723 [main] TRACE io.netty.channel.nio.NioEventLoop - instrumented a special java.util.Set into: sun.nio.ch.WindowsSelectorImpl@6ab4a5b
20:49:41.725 [main] TRACE io.netty.channel.nio.NioEventLoop - instrumented a special java.util.Set into: sun.nio.ch.WindowsSelectorImpl@2abe9173
20:49:41.726 [main] TRACE io.netty.channel.nio.NioEventLoop - instrumented a special java.util.Set into: sun.nio.ch.WindowsSelectorImpl@235d29d6
20:49:41.727 [main] TRACE io.netty.channel.nio.NioEventLoop - instrumented a special java.util.Set into: sun.nio.ch.WindowsSelectorImpl@1fdca564
20:49:41.729 [main] TRACE io.netty.channel.nio.NioEventLoop - instrumented a special java.util.Set into: sun.nio.ch.WindowsSelectorImpl@43f9dd56
20:49:41.760 [main] DEBUG io.netty.buffer.PooledByteBufAllocator - -Dio.netty.allocator.numHeapArenas: 16
20:49:41.760 [main] DEBUG io.netty.buffer.PooledByteBufAllocator - -Dio.netty.allocator.numDirectArenas: 16
20:49:41.760 [main] DEBUG io.netty.buffer.PooledByteBufAllocator - -Dio.netty.allocator.pageSize: 8192
20:49:41.760 [main] DEBUG io.netty.buffer.PooledByteBufAllocator - -Dio.netty.allocator.maxOrder: 11
20:49:41.760 [main] DEBUG io.netty.buffer.PooledByteBufAllocator - -Dio.netty.allocator.chunkSize: 16777216
20:49:41.760 [main] DEBUG io.netty.buffer.PooledByteBufAllocator - -Dio.netty.allocator.smallCacheSize: 256
20:49:41.760 [main] DEBUG io.netty.buffer.PooledByteBufAllocator - -Dio.netty.allocator.normalCacheSize: 64
20:49:41.760 [main] DEBUG io.netty.buffer.PooledByteBufAllocator - -Dio.netty.allocator.maxCachedBufferCapacity: 32768
20:49:41.761 [main] DEBUG io.netty.buffer.PooledByteBufAllocator - -Dio.netty.allocator.cacheTrimInterval: 8192
20:49:41.761 [main] DEBUG io.netty.buffer.PooledByteBufAllocator - -Dio.netty.allocator.cacheTrimIntervalMillis: 0
20:49:41.761 [main] DEBUG io.netty.buffer.PooledByteBufAllocator - -Dio.netty.allocator.useCacheForAllThreads: true
20:49:41.761 [main] DEBUG io.netty.buffer.PooledByteBufAllocator - -Dio.netty.allocator.maxCachedByteBuffersPerChunk: 1023
